<?xml version="1.0" encoding="UTF-8"?>
<!-- Generated by org.testng.reporters.JUnitReportReporter -->
<testsuite skipped="0" hostname="LAPTOP-T460-SANSIN" name="Hotels.CA.HotelBooking.Base" tests="1" failures="0" timestamp="04 Nov 2020 20:29:22 GMT" time="5.139" errors="0">
  <testcase name="initializeDriver" time="5.139" classname="Hotels.CA.HotelBooking.Base"/>
</testsuite> <!-- Hotels.CA.HotelBooking.Base -->
